  2025-02-03 05:58:20 App\Jobs\ProcessIngredientRequest .............. RUNNING
  2025-02-03 05:58:20 App\Jobs\ProcessIngredientRequest ......... 57.11ms DONE
  2025-02-03 06:00:17 App\Jobs\ProcessIngredientRequest .............. RUNNING
  2025-02-03 06:00:17 App\Jobs\ProcessIngredientRequest .......... 3.08ms DONE
  2025-02-03 06:10:06 App\Jobs\ProcessIngredientRequest .............. RUNNING
  2025-02-03 06:10:06 App\Jobs\ProcessIngredientRequest .......... 1.90ms DONE
  2025-02-03 06:14:15 App\Jobs\ProcessIngredientRequest .............. RUNNING
  2025-02-03 06:14:15 App\Jobs\ProcessIngredientRequest .......... 2.18ms DONE
  2025-02-03 06:17:07 App\Jobs\ProcessIngredientRequest .............. RUNNING
  2025-02-03 06:17:07 App\Jobs\ProcessIngredientRequest ......... 16.05ms DONE
  2025-02-03 06:22:23 App\Jobs\ProcessIngredientRequest .............. RUNNING
  2025-02-03 06:22:23 App\Jobs\ProcessIngredientRequest ......... 10.45ms DONE
  2025-02-03 06:23:45 App\Jobs\ProcessIngredientRequest .............. RUNNING
PHP Fatal error:  App\Jobs\ProcessIngredientRequest and Illuminate\Bus\Queueable define the same property ($queue) in the composition of App\Jobs\ProcessIngredientRequest. However, the definition differs and is considered incompatible. Class was composed in /app/app/Jobs/ProcessIngredientRequest.php on line 13

In ProcessIngredientRequest.php line 13:
                                                                               
  App\Jobs\ProcessIngredientRequest and Illuminate\Bus\Queueable define the s  
  ame property ($queue) in the composition of App\Jobs\ProcessIngredientReque  
  st. However, the definition differs and is considered incompatible. Class w  
  as composed                                                                  
                                                                               

  2025-02-03 06:23:46 App\Jobs\ProcessIngredientRequest .............. RUNNING
PHP Fatal error:  App\Jobs\ProcessIngredientRequest and Illuminate\Bus\Queueable define the same property ($queue) in the composition of App\Jobs\ProcessIngredientRequest. However, the definition differs and is considered incompatible. Class was composed in /app/app/Jobs/ProcessIngredientRequest.php on line 13

In ProcessIngredientRequest.php line 13:
                                                                               
  App\Jobs\ProcessIngredientRequest and Illuminate\Bus\Queueable define the s  
  ame property ($queue) in the composition of App\Jobs\ProcessIngredientReque  
  st. However, the definition differs and is considered incompatible. Class w  
  as composed                                                                  
                                                                               

  2025-02-03 06:23:48 App\Jobs\ProcessIngredientRequest .............. RUNNING
PHP Fatal error:  App\Jobs\ProcessIngredientRequest and Illuminate\Bus\Queueable define the same property ($queue) in the composition of App\Jobs\ProcessIngredientRequest. However, the definition differs and is considered incompatible. Class was composed in /app/app/Jobs/ProcessIngredientRequest.php on line 13

In ProcessIngredientRequest.php line 13:
                                                                               
  App\Jobs\ProcessIngredientRequest and Illuminate\Bus\Queueable define the s  
  ame property ($queue) in the composition of App\Jobs\ProcessIngredientReque  
  st. However, the definition differs and is considered incompatible. Class w  
  as composed                                                                  
                                                                               

  2025-02-03 06:23:50 App\Jobs\ProcessIngredientRequest .............. RUNNING
PHP Fatal error:  App\Jobs\ProcessIngredientRequest and Illuminate\Bus\Queueable define the same property ($queue) in the composition of App\Jobs\ProcessIngredientRequest. However, the definition differs and is considered incompatible. Class was composed in /app/app/Jobs/ProcessIngredientRequest.php on line 13

In ProcessIngredientRequest.php line 13:
                                                                               
  App\Jobs\ProcessIngredientRequest and Illuminate\Bus\Queueable define the s  
  ame property ($queue) in the composition of App\Jobs\ProcessIngredientReque  
  st. However, the definition differs and is considered incompatible. Class w  
  as composed                                                                  
                                                                               

  2025-02-03 06:23:53 App\Jobs\ProcessIngredientRequest .............. RUNNING
PHP Fatal error:  App\Jobs\ProcessIngredientRequest and Illuminate\Bus\Queueable define the same property ($queue) in the composition of App\Jobs\ProcessIngredientRequest. However, the definition differs and is considered incompatible. Class was composed in /app/app/Jobs/ProcessIngredientRequest.php on line 13

In ProcessIngredientRequest.php line 13:
                                                                               
  App\Jobs\ProcessIngredientRequest and Illuminate\Bus\Queueable define the s  
  ame property ($queue) in the composition of App\Jobs\ProcessIngredientReque  
  st. However, the definition differs and is considered incompatible. Class w  
  as composed                                                                  
                                                                               


In StreamIO.php line 95:
                                                                               
  stream_socket_client(): Unable to connect to tcp://rabbitmq:5672 (Connectio  
  n refused)                                                                   
                                                                               


In StreamIO.php line 95:
                                                                               
  stream_socket_client(): Unable to connect to tcp://rabbitmq:5672 (Connectio  
  n refused)                                                                   
                                                                               


In StreamIO.php line 95:
                                                                               
  stream_socket_client(): Unable to connect to tcp://rabbitmq:5672 (Connectio  
  n refused)                                                                   
                                                                               


In StreamIO.php line 95:
                                                                               
  stream_socket_client(): Unable to connect to tcp://rabbitmq:5672 (Connectio  
  n refused)                                                                   
                                                                               


In StreamIO.php line 95:
                                                                               
  stream_socket_client(): Unable to connect to tcp://rabbitmq:5672 (Connectio  
  n refused)                                                                   
                                                                               


In StreamIO.php line 95:
                                                                               
  stream_socket_client(): Unable to connect to tcp://rabbitmq:5672 (Connectio  
  n refused)                                                                   
                                                                               

  2025-02-03 07:56:13 App\Jobs\ProcessRawRabbitMQPayload ............. RUNNING
  2025-02-03 07:56:13 App\Jobs\ProcessRawRabbitMQPayload ....... 107.03ms DONE
  2025-02-03 07:57:49 App\Jobs\ProcessRawRabbitMQPayload ............. RUNNING
  2025-02-03 07:57:49 App\Jobs\ProcessRawRabbitMQPayload ........ 12.68ms DONE
  2025-02-03 07:58:38 App\Jobs\ProcessRawRabbitMQPayload ............. RUNNING
  2025-02-03 07:58:40 App\Jobs\ProcessRawRabbitMQPayload ............. 1s DONE
  2025-02-03 07:59:41 App\Jobs\ProcessRawRabbitMQPayload ............. RUNNING
  2025-02-03 07:59:41 App\Jobs\ProcessRawRabbitMQPayload ....... 155.37ms DONE

In StreamIO.php line 95:
                                                                               
  stream_socket_client(): Unable to connect to tcp://rabbitmq:5672 (Connectio  
  n refused)                                                                   
                                                                               


In StreamIO.php line 95:
                                                                               
  stream_socket_client(): Unable to connect to tcp://rabbitmq:5672 (Connectio  
  n refused)                                                                   
                                                                               


In StreamIO.php line 95:
                                                                               
  stream_socket_client(): Unable to connect to tcp://rabbitmq:5672 (Connectio  
  n refused)                                                                   
                                                                               


In StreamIO.php line 95:
                                                                               
  stream_socket_client(): Unable to connect to tcp://rabbitmq:5672 (Connectio  
  n refused)                                                                   
                                                                               

  2025-02-03 08:11:54 App\Jobs\ProcessRawRabbitMQPayload ............. RUNNING
  2025-02-03 08:11:55 App\Jobs\ProcessRawRabbitMQPayload ....... 736.45ms DONE
  2025-02-03 08:12:16 App\Jobs\ProcessRawRabbitMQPayload ............. RUNNING
  2025-02-03 08:12:17 App\Jobs\ProcessRawRabbitMQPayload ............. 1s DONE
  2025-02-03 08:12:23 App\Jobs\ProcessRawRabbitMQPayload ............. RUNNING
  2025-02-03 08:12:24 App\Jobs\ProcessRawRabbitMQPayload ....... 457.13ms DONE
  2025-02-03 08:12:57 App\Jobs\ProcessRawRabbitMQPayload ............. RUNNING
  2025-02-03 08:12:57 App\Jobs\ProcessRawRabbitMQPayload ....... 467.62ms DONE
  2025-02-03 08:13:18 App\Jobs\ProcessRawRabbitMQPayload ............. RUNNING
  2025-02-03 08:13:19 App\Jobs\ProcessRawRabbitMQPayload ....... 667.64ms DONE
  2025-02-03 08:16:58 App\Jobs\ProcessRawRabbitMQPayload ............. RUNNING
  2025-02-03 08:16:58 App\Jobs\ProcessRawRabbitMQPayload ....... 207.56ms DONE
  2025-02-03 08:17:28 App\Jobs\ProcessRawRabbitMQPayload ............. RUNNING
  2025-02-03 08:17:29 App\Jobs\ProcessRawRabbitMQPayload ....... 851.90ms DONE
  2025-02-03 08:19:20 App\Jobs\ProcessRawRabbitMQPayload ............. RUNNING
  2025-02-03 08:19:21 App\Jobs\ProcessRawRabbitMQPayload ............. 1s DONE
  2025-02-03 08:19:27 App\Jobs\ProcessRawRabbitMQPayload ............. RUNNING
  2025-02-03 08:19:28 App\Jobs\ProcessRawRabbitMQPayload ....... 445.25ms DONE
  2025-02-03 08:21:20 App\Jobs\ProcessRawRabbitMQPayload ............. RUNNING
  2025-02-03 08:21:20 App\Jobs\ProcessRawRabbitMQPayload ....... 168.76ms DONE
  2025-02-03 08:21:29 App\Jobs\ProcessRawRabbitMQPayload ............. RUNNING
  2025-02-03 08:21:29 App\Jobs\ProcessRawRabbitMQPayload ....... 509.27ms DONE
  2025-02-03 08:29:51 App\Jobs\ProcessRawRabbitMQPayload ............. RUNNING
  2025-02-03 08:29:51 App\Jobs\ProcessRawRabbitMQPayload ....... 494.06ms DONE
  2025-02-03 08:29:57 App\Jobs\ProcessRawRabbitMQPayload ............. RUNNING
  2025-02-03 08:29:57 App\Jobs\ProcessRawRabbitMQPayload ....... 112.36ms DONE
  2025-02-03 08:30:18 App\Jobs\ProcessRawRabbitMQPayload ............. RUNNING
  2025-02-03 08:30:19 App\Jobs\ProcessRawRabbitMQPayload ....... 905.82ms DONE
  2025-02-03 08:34:01 App\Jobs\ProcessRawRabbitMQPayload ............. RUNNING
  2025-02-03 08:34:02 App\Jobs\ProcessRawRabbitMQPayload ....... 109.32ms DONE
  2025-02-03 08:34:17 App\Jobs\ProcessRawRabbitMQPayload ............. RUNNING
  2025-02-03 08:34:17 App\Jobs\ProcessRawRabbitMQPayload ....... 614.93ms DONE
  2025-02-03 08:34:23 App\Jobs\ProcessRawRabbitMQPayload ............. RUNNING
  2025-02-03 08:34:23 App\Jobs\ProcessRawRabbitMQPayload ........ 99.66ms DONE
  2025-02-03 08:46:12 App\Jobs\ProcessRawRabbitMQPayload ............. RUNNING
  2025-02-03 08:46:13 App\Jobs\ProcessRawRabbitMQPayload ....... 943.25ms DONE
  2025-02-03 08:46:55 App\Jobs\ProcessRawRabbitMQPayload ............. RUNNING
  2025-02-03 08:46:55 App\Jobs\ProcessRawRabbitMQPayload ....... 476.46ms DONE
  2025-02-03 08:48:37 App\Jobs\ProcessRawRabbitMQPayload ............. RUNNING
  2025-02-03 08:48:38 App\Jobs\ProcessRawRabbitMQPayload ....... 502.10ms DONE
  2025-02-03 08:48:44 App\Jobs\ProcessRawRabbitMQPayload ............. RUNNING
  2025-02-03 08:48:44 App\Jobs\ProcessRawRabbitMQPayload ....... 133.49ms DONE
  2025-02-03 08:48:50 App\Jobs\ProcessRawRabbitMQPayload ............. RUNNING
  2025-02-03 08:48:50 App\Jobs\ProcessRawRabbitMQPayload ....... 451.96ms DONE
  2025-02-03 08:56:42 App\Jobs\ProcessRawRabbitMQPayload ............. RUNNING
  2025-02-03 08:56:42 App\Jobs\ProcessRawRabbitMQPayload ....... 466.69ms DONE
  2025-02-03 08:56:48 App\Jobs\ProcessRawRabbitMQPayload ............. RUNNING
  2025-02-03 08:56:49 App\Jobs\ProcessRawRabbitMQPayload ....... 725.13ms DONE
  2025-02-03 08:56:55 App\Jobs\ProcessRawRabbitMQPayload ............. RUNNING
  2025-02-03 08:56:55 App\Jobs\ProcessRawRabbitMQPayload ....... 439.93ms DONE
  2025-02-03 08:58:59 App\Jobs\ProcessRawRabbitMQPayload ............. RUNNING
  2025-02-03 08:59:00 App\Jobs\ProcessRawRabbitMQPayload ........ 81.55ms DONE
  2025-02-03 08:59:06 App\Jobs\ProcessRawRabbitMQPayload ............. RUNNING
  2025-02-03 08:59:07 App\Jobs\ProcessRawRabbitMQPayload ............. 1s DONE
  2025-02-03 09:06:25 App\Jobs\ProcessRawRabbitMQPayload ............. RUNNING
  2025-02-03 09:06:26 App\Jobs\ProcessRawRabbitMQPayload ....... 636.89ms DONE
  2025-02-03 09:07:20 App\Jobs\ProcessRawRabbitMQPayload ............. RUNNING
  2025-02-03 09:07:20 App\Jobs\ProcessRawRabbitMQPayload ....... 411.57ms DONE
  2025-02-03 09:07:29 App\Jobs\ProcessRawRabbitMQPayload ............. RUNNING
  2025-02-03 09:07:30 App\Jobs\ProcessRawRabbitMQPayload ....... 455.44ms DONE
  2025-02-03 09:07:45 App\Jobs\ProcessRawRabbitMQPayload ............. RUNNING
  2025-02-03 09:07:45 App\Jobs\ProcessRawRabbitMQPayload ....... 487.26ms DONE
  2025-02-03 09:10:33 App\Jobs\ProcessRawRabbitMQPayload ............. RUNNING
  2025-02-03 09:10:34 App\Jobs\ProcessRawRabbitMQPayload ....... 493.72ms DONE
  2025-02-03 09:10:40 App\Jobs\ProcessRawRabbitMQPayload ............. RUNNING
  2025-02-03 09:10:41 App\Jobs\ProcessRawRabbitMQPayload ....... 949.00ms DONE
  2025-02-03 09:11:59 App\Jobs\ProcessRawRabbitMQPayload ............. RUNNING
  2025-02-03 09:11:59 App\Jobs\ProcessRawRabbitMQPayload ....... 447.61ms DONE
  2025-02-03 09:14:47 App\Jobs\ProcessRawRabbitMQPayload ............. RUNNING
  2025-02-03 09:14:48 App\Jobs\ProcessRawRabbitMQPayload ....... 539.45ms DONE
  2025-02-03 09:15:09 App\Jobs\ProcessRawRabbitMQPayload ............. RUNNING
  2025-02-03 09:15:10 App\Jobs\ProcessRawRabbitMQPayload ............. 1s DONE
  2025-02-03 09:15:46 App\Jobs\ProcessRawRabbitMQPayload ............. RUNNING
  2025-02-03 09:15:47 App\Jobs\ProcessRawRabbitMQPayload ....... 769.14ms DONE
  2025-02-03 09:20:24 App\Jobs\ProcessRawRabbitMQPayload ............. RUNNING
  2025-02-03 09:20:25 App\Jobs\ProcessRawRabbitMQPayload ....... 497.86ms DONE
  2025-02-03 09:20:31 App\Jobs\ProcessRawRabbitMQPayload ............. RUNNING
  2025-02-03 09:20:31 App\Jobs\ProcessRawRabbitMQPayload ........ 27.08ms DONE
  2025-02-03 09:20:37 App\Jobs\ProcessRawRabbitMQPayload ............. RUNNING
  2025-02-03 09:20:37 App\Jobs\ProcessRawRabbitMQPayload ....... 399.93ms DONE
  2025-02-03 09:20:43 App\Jobs\ProcessRawRabbitMQPayload ............. RUNNING
  2025-02-03 09:20:43 App\Jobs\ProcessRawRabbitMQPayload ....... 392.43ms DONE
  2025-02-03 09:21:01 App\Jobs\ProcessRawRabbitMQPayload ............. RUNNING
  2025-02-03 09:21:02 App\Jobs\ProcessRawRabbitMQPayload ....... 378.58ms DONE
  2025-02-03 09:47:45 App\Jobs\ProcessRawRabbitMQPayload ............. RUNNING
  2025-02-03 09:47:45 App\Jobs\ProcessRawRabbitMQPayload ....... 440.57ms DONE
  2025-02-03 09:50:58 App\Jobs\ProcessRawRabbitMQPayload ............. RUNNING
  2025-02-03 09:51:04 App\Jobs\ProcessRawRabbitMQPayload ............. 5s DONE

In StreamIO.php line 95:
                                                                               
  stream_socket_client(): Unable to connect to tcp://rabbitmq:5672 (Connectio  
  n refused)                                                                   
                                                                               


In StreamIO.php line 95:
                                                                               
  stream_socket_client(): Unable to connect to tcp://rabbitmq:5672 (Connectio  
  n refused)                                                                   
                                                                               


In StreamIO.php line 95:
                                                                               
  stream_socket_client(): Unable to connect to tcp://rabbitmq:5672 (Connectio  
  n refused)                                                                   
                                                                               


In StreamIO.php line 95:
                                                                               
  stream_socket_client(): Unable to connect to tcp://rabbitmq:5672 (Connectio  
  n refused)                                                                   
                                                                               


In StreamIO.php line 95:
                                                                               
  stream_socket_client(): Unable to connect to tcp://rabbitmq:5672 (Connectio  
  n refused)                                                                   
                                                                               


In StreamIO.php line 95:
                                                                               
  stream_socket_client(): Unable to connect to tcp://rabbitmq:5672 (Connectio  
  n refused)                                                                   
                                                                               


In StreamIO.php line 95:
                                                                               
  stream_socket_client(): Unable to connect to tcp://rabbitmq:5672 (Connectio  
  n refused)                                                                   
                                                                               

  2025-02-04 04:05:39 App\Jobs\ProcessRawRabbitMQPayload ............. RUNNING
  2025-02-04 04:05:39 App\Jobs\ProcessRawRabbitMQPayload ....... 119.54ms DONE
  2025-02-04 04:09:48 App\Jobs\ProcessRawRabbitMQPayload ............. RUNNING
  2025-02-04 04:09:48 App\Jobs\ProcessRawRabbitMQPayload ........ 37.03ms DONE
  2025-02-04 04:14:27 App\Jobs\ProcessRawRabbitMQPayload ............. RUNNING
  2025-02-04 04:14:27 App\Jobs\ProcessRawRabbitMQPayload ........ 26.28ms DONE
  2025-02-04 04:18:13 App\Jobs\ProcessRawRabbitMQPayload ............. RUNNING
  2025-02-04 04:18:13 App\Jobs\ProcessRawRabbitMQPayload ........ 26.19ms DONE
  2025-02-04 04:25:07 App\Jobs\ProcessRawRabbitMQPayload ............. RUNNING
  2025-02-04 04:25:07 App\Jobs\ProcessRawRabbitMQPayload ........ 23.29ms DONE
  2025-02-04 04:30:25 App\Jobs\ProcessRawRabbitMQPayload ............. RUNNING
  2025-02-04 04:30:31 App\Jobs\ProcessRawRabbitMQPayload ............. 6s DONE
  2025-02-04 04:33:19 App\Jobs\ProcessRawRabbitMQPayload ............. RUNNING
  2025-02-04 04:33:25 App\Jobs\ProcessRawRabbitMQPayload ............. 5s DONE
  2025-02-04 04:39:01 App\Jobs\ProcessRawRabbitMQPayload ............. RUNNING
  2025-02-04 04:39:07 App\Jobs\ProcessRawRabbitMQPayload ............. 5s DONE
  2025-02-04 04:42:55 App\Jobs\ProcessRawRabbitMQPayload ............. RUNNING
  2025-02-04 04:42:55 App\Jobs\ProcessRawRabbitMQPayload ........ 21.58ms DONE
  2025-02-04 04:46:01 App\Jobs\ProcessRawRabbitMQPayload ............. RUNNING
  2025-02-04 04:46:07 App\Jobs\ProcessRawRabbitMQPayload ............. 5s DONE
  2025-02-04 04:47:58 App\Jobs\ProcessRawRabbitMQPayload ............. RUNNING
  2025-02-04 04:47:58 App\Jobs\ProcessRawRabbitMQPayload ........ 27.80ms DONE
  2025-02-04 04:49:46 App\Jobs\ProcessRawRabbitMQPayload ............. RUNNING
  2025-02-04 04:49:52 App\Jobs\ProcessRawRabbitMQPayload ............. 5s DONE
  2025-02-04 06:23:07 App\Jobs\ProcessRawRabbitMQPayload ............. RUNNING
  2025-02-04 06:23:07 App\Jobs\ProcessRawRabbitMQPayload ........ 22.74ms DONE

In StreamIO.php line 95:
                                                                               
  stream_socket_client(): Unable to connect to tcp://rabbitmq:5672 (Connectio  
  n refused)                                                                   
                                                                               


In StreamIO.php line 95:
                                                                               
  stream_socket_client(): Unable to connect to tcp://rabbitmq:5672 (Connectio  
  n refused)                                                                   
                                                                               


In StreamIO.php line 95:
                                                                               
  stream_socket_client(): Unable to connect to tcp://rabbitmq:5672 (Connectio  
  n refused)                                                                   
                                                                               


In StreamIO.php line 95:
                                                                               
  stream_socket_client(): Unable to connect to tcp://rabbitmq:5672 (Connectio  
  n refused)                                                                   
                                                                               


In StreamIO.php line 95:
                                                                               
  stream_socket_client(): Unable to connect to tcp://rabbitmq:5672 (Connectio  
  n refused)                                                                   
                                                                               


In StreamIO.php line 95:
                                                                               
  stream_socket_client(): Unable to connect to tcp://rabbitmq:5672 (Connectio  
  n refused)                                                                   
                                                                               


In StreamIO.php line 95:
                                                                               
  stream_socket_client(): Unable to connect to tcp://rabbitmq:5672 (Connectio  
  n refused)                                                                   
                                                                               


In StreamIO.php line 95:
                                                                               
  stream_socket_client(): Unable to connect to tcp://rabbitmq:5672 (Connectio  
  n refused)                                                                   
                                                                               


In StreamIO.php line 95:
                                                                               
  stream_socket_client(): Unable to connect to tcp://rabbitmq:5672 (Connectio  
  n refused)                                                                   
                                                                               


In StreamIO.php line 95:
                                                                               
  stream_socket_client(): Unable to connect to tcp://rabbitmq:5672 (Connectio  
  n refused)                                                                   
                                                                               


In StreamIO.php line 95:
                                                                               
  stream_socket_client(): Unable to connect to tcp://rabbitmq:5672 (Connectio  
  n refused)                                                                   
                                                                               


In StreamIO.php line 95:
                                                                               
  stream_socket_client(): Unable to connect to tcp://rabbitmq:5672 (Connectio  
  n refused)                                                                   
                                                                               


In StreamIO.php line 95:
                                                                               
  stream_socket_client(): Unable to connect to tcp://rabbitmq:5672 (Connectio  
  n refused)                                                                   
                                                                               


In StreamIO.php line 95:
                                                                               
  stream_socket_client(): Unable to connect to tcp://rabbitmq:5672 (Connectio  
  n refused)                                                                   
                                                                               


In StreamIO.php line 95:
                                                                               
  stream_socket_client(): Unable to connect to tcp://rabbitmq:5672 (Connectio  
  n refused)                                                                   
                                                                               


In StreamIO.php line 95:
                                                                               
  stream_socket_client(): Unable to connect to tcp://rabbitmq:5672 (Connectio  
  n refused)                                                                   
                                                                               


In StreamIO.php line 95:
                                                                               
  stream_socket_client(): Unable to connect to tcp://rabbitmq:5672 (Connectio  
  n refused)                                                                   
                                                                               


In StreamIO.php line 95:
                                                                               
  stream_socket_client(): Unable to connect to tcp://rabbitmq:5672 (Connectio  
  n refused)                                                                   
                                                                               


In StreamIO.php line 95:
                                                                               
  stream_socket_client(): Unable to connect to tcp://rabbitmq:5672 (Connectio  
  n refused)                                                                   
                                                                               


In StreamIO.php line 95:
                                                                               
  stream_socket_client(): Unable to connect to tcp://rabbitmq:5672 (Connectio  
  n refused)                                                                   
                                                                               


In StreamIO.php line 95:
                                                                               
  stream_socket_client(): Unable to connect to tcp://rabbitmq:5672 (Connectio  
  n refused)                                                                   
                                                                               


In StreamIO.php line 95:
                                                                               
  stream_socket_client(): Unable to connect to tcp://rabbitmq:5672 (Connectio  
  n refused)                                                                   
                                                                               


In StreamIO.php line 95:
                                                                               
  stream_socket_client(): Unable to connect to tcp://rabbitmq:5672 (Connectio  
  n refused)                                                                   
                                                                               


In StreamIO.php line 95:
                                                                               
  stream_socket_client(): Unable to connect to tcp://rabbitmq:5672 (Connectio  
  n refused)                                                                   
                                                                               


In StreamIO.php line 95:
                                                                               
  stream_socket_client(): Unable to connect to tcp://rabbitmq:5672 (Connectio  
  n refused)                                                                   
                                                                               


In StreamIO.php line 95:
                                                                               
  stream_socket_client(): Unable to connect to tcp://rabbitmq:5672 (Connectio  
  n refused)                                                                   
                                                                               


In StreamIO.php line 95:
                                                                               
  stream_socket_client(): Unable to connect to tcp://rabbitmq:5672 (Connectio  
  n refused)                                                                   
                                                                               


In StreamIO.php line 95:
                                                                               
  stream_socket_client(): Unable to connect to tcp://rabbitmq:5672 (Connectio  
  n refused)                                                                   
                                                                               


In StreamIO.php line 95:
                                                                               
  stream_socket_client(): Unable to connect to tcp://rabbitmq:5672 (Connectio  
  n refused)                                                                   
                                                                               


In StreamIO.php line 95:
                                                                               
  stream_socket_client(): Unable to connect to tcp://rabbitmq:5672 (Connectio  
  n refused)                                                                   
                                                                               


In StreamIO.php line 95:
                                                                               
  stream_socket_client(): Unable to connect to tcp://rabbitmq:5672 (Connectio  
  n refused)                                                                   
                                                                               


In StreamIO.php line 95:
                                                                               
  stream_socket_client(): Unable to connect to tcp://rabbitmq:5672 (Connectio  
  n refused)                                                                   
                                                                               


In StreamIO.php line 95:
                                                                               
  stream_socket_client(): Unable to connect to tcp://rabbitmq:5672 (Connectio  
  n refused)                                                                   
                                                                               


In StreamIO.php line 95:
                                                                               
  stream_socket_client(): Unable to connect to tcp://rabbitmq:5672 (Connectio  
  n refused)                                                                   
                                                                               


In StreamIO.php line 95:
                                                                               
  stream_socket_client(): Unable to connect to tcp://rabbitmq:5672 (Connectio  
  n refused)                                                                   
                                                                               


In StreamIO.php line 95:
                                                                               
  stream_socket_client(): Unable to connect to tcp://rabbitmq:5672 (Connectio  
  n refused)                                                                   
                                                                               


In StreamIO.php line 95:
                                                                               
  stream_socket_client(): Unable to connect to tcp://rabbitmq:5672 (Connectio  
  n refused)                                                                   
                                                                               


In StreamIO.php line 95:
                                                                               
  stream_socket_client(): Unable to connect to tcp://rabbitmq:5672 (Connectio  
  n refused)                                                                   
                                                                               


In StreamIO.php line 95:
                                                                               
  stream_socket_client(): Unable to connect to tcp://rabbitmq:5672 (Connectio  
  n refused)                                                                   
                                                                               


In StreamIO.php line 95:
                                                                               
  stream_socket_client(): Unable to connect to tcp://rabbitmq:5672 (Connectio  
  n refused)                                                                   
                                                                               


In StreamIO.php line 95:
                                                                               
  stream_socket_client(): Unable to connect to tcp://rabbitmq:5672 (Connectio  
  n refused)                                                                   
                                                                               


In StreamIO.php line 95:
                                                                               
  stream_socket_client(): Unable to connect to tcp://rabbitmq:5672 (Connectio  
  n refused)                                                                   
                                                                               

  2025-02-05 01:10:10 App\Jobs\ProcessRawRabbitMQPayload ............. RUNNING
  2025-02-05 01:10:10 App\Jobs\ProcessRawRabbitMQPayload ....... 142.02ms DONE
  2025-02-05 01:12:13 App\Jobs\ProcessRawRabbitMQPayload ............. RUNNING
  2025-02-05 01:12:13 App\Jobs\ProcessRawRabbitMQPayload ........ 30.60ms DONE
  2025-02-05 01:12:49 App\Jobs\ProcessRawRabbitMQPayload ............. RUNNING
  2025-02-05 01:12:49 App\Jobs\ProcessRawRabbitMQPayload ........ 29.69ms DONE
  2025-02-05 01:18:07 App\Jobs\ProcessRawRabbitMQPayload ............. RUNNING
  2025-02-05 01:18:07 App\Jobs\ProcessRawRabbitMQPayload ........ 29.29ms DONE
  2025-02-05 01:30:43 App\Jobs\ProcessRawRabbitMQPayload ............. RUNNING
  2025-02-05 01:30:43 App\Jobs\ProcessRawRabbitMQPayload ........ 26.27ms DONE
  2025-02-05 01:32:28 App\Jobs\ProcessRawRabbitMQPayload ............. RUNNING
  2025-02-05 01:32:28 App\Jobs\ProcessRawRabbitMQPayload ........ 29.17ms DONE
  2025-02-05 01:38:26 App\Jobs\ProcessRawRabbitMQPayload ............. RUNNING
  2025-02-05 01:38:26 App\Jobs\ProcessRawRabbitMQPayload ........ 32.08ms DONE
  2025-02-05 01:42:02 App\Jobs\ProcessRawRabbitMQPayload ............. RUNNING
  2025-02-05 01:42:02 App\Jobs\ProcessRawRabbitMQPayload ........ 32.23ms DONE
  2025-02-05 01:45:14 App\Jobs\ProcessRawRabbitMQPayload ............. RUNNING
  2025-02-05 01:45:14 App\Jobs\ProcessRawRabbitMQPayload ........ 14.32ms DONE
  2025-02-05 01:46:11 App\Jobs\ProcessRawRabbitMQPayload ............. RUNNING
  2025-02-05 01:46:17 App\Jobs\ProcessRawRabbitMQPayload ............. 6s DONE
  2025-02-05 01:49:05 App\Jobs\ProcessRawRabbitMQPayload ............. RUNNING
  2025-02-05 01:49:05 App\Jobs\ProcessRawRabbitMQPayload ........ 22.60ms DONE
  2025-02-05 01:50:29 App\Jobs\ProcessRawRabbitMQPayload ............. RUNNING
  2025-02-05 01:50:35 App\Jobs\ProcessRawRabbitMQPayload ............. 5s DONE

In StreamIO.php line 95:
                                                                               
  stream_socket_client(): Unable to connect to tcp://rabbitmq:5672 (Connectio  
  n refused)                                                                   
                                                                               


In StreamIO.php line 95:
                                                                               
  stream_socket_client(): Unable to connect to tcp://rabbitmq:5672 (Connectio  
  n refused)                                                                   
                                                                               


In StreamIO.php line 95:
                                                                               
  stream_socket_client(): Unable to connect to tcp://rabbitmq:5672 (Connectio  
  n refused)                                                                   
                                                                               


In StreamIO.php line 95:
                                                                               
  stream_socket_client(): Unable to connect to tcp://rabbitmq:5672 (Connectio  
  n refused)                                                                   
                                                                               


In StreamIO.php line 95:
                                                                               
  stream_socket_client(): Unable to connect to tcp://rabbitmq:5672 (Connectio  
  n refused)                                                                   
                                                                               


In StreamIO.php line 95:
                                                                               
  stream_socket_client(): Unable to connect to tcp://rabbitmq:5672 (Connectio  
  n refused)                                                                   
                                                                               

  2025-02-05 09:53:01 App\Jobs\ProcessRawRabbitMQPayload ............. RUNNING
  2025-02-05 09:53:01 App\Jobs\ProcessRawRabbitMQPayload ........ 66.14ms DONE
  2025-02-05 09:56:44 App\Jobs\ProcessRawRabbitMQPayload ............. RUNNING
  2025-02-05 09:56:44 App\Jobs\ProcessRawRabbitMQPayload ........ 26.89ms DONE
  2025-02-05 09:58:32 App\Jobs\ProcessRawRabbitMQPayload ............. RUNNING
  2025-02-05 09:58:32 App\Jobs\ProcessRawRabbitMQPayload ........ 17.00ms DONE
  2025-02-05 10:01:50 App\Jobs\ProcessRawRabbitMQPayload ............. RUNNING
  2025-02-05 10:01:58 App\Jobs\ProcessRawRabbitMQPayload ............. 7s DONE
  2025-02-05 10:11:23 App\Jobs\ProcessRawRabbitMQPayload ............. RUNNING
  2025-02-05 10:11:29 App\Jobs\ProcessRawRabbitMQPayload ............. 5s DONE

In StreamIO.php line 95:
                                                                               
  stream_socket_client(): Unable to connect to tcp://rabbitmq:5672 (Connectio  
  n refused)                                                                   
                                                                               


In StreamIO.php line 95:
                                                                               
  stream_socket_client(): Unable to connect to tcp://rabbitmq:5672 (Connectio  
  n refused)                                                                   
                                                                               


In StreamIO.php line 95:
                                                                               
  stream_socket_client(): Unable to connect to tcp://rabbitmq:5672 (Connectio  
  n refused)                                                                   
                                                                               


In StreamIO.php line 95:
                                                                               
  stream_socket_client(): Unable to connect to tcp://rabbitmq:5672 (Connectio  
  n refused)                                                                   
                                                                               

  2025-02-05 10:21:33 App\Jobs\ProcessRawRabbitMQPayload ............. RUNNING
  2025-02-05 10:21:33 App\Jobs\ProcessRawRabbitMQPayload ....... 155.15ms DONE
  2025-02-05 10:33:48 App\Jobs\ProcessRawRabbitMQPayload ............. RUNNING
  2025-02-05 10:33:48 App\Jobs\ProcessRawRabbitMQPayload ........ 24.66ms DONE

In StreamIO.php line 95:
                                                                               
  stream_socket_client(): Unable to connect to tcp://rabbitmq:5672 (Connectio  
  n refused)                                                                   
                                                                               


In StreamIO.php line 95:
                                                                               
  stream_socket_client(): Unable to connect to tcp://rabbitmq:5672 (Connectio  
  n refused)                                                                   
                                                                               


In StreamIO.php line 95:
                                                                               
  stream_socket_client(): Unable to connect to tcp://rabbitmq:5672 (Connectio  
  n refused)                                                                   
                                                                               

  2025-02-05 10:40:43 App\Jobs\ProcessRawRabbitMQPayload ............. RUNNING
  2025-02-05 10:40:43 App\Jobs\ProcessRawRabbitMQPayload ....... 668.68ms DONE
  2025-02-05 10:44:28 App\Jobs\ProcessRawRabbitMQPayload ............. RUNNING
  2025-02-05 10:44:28 App\Jobs\ProcessRawRabbitMQPayload ........ 25.37ms DONE

In StreamIO.php line 95:
                                                                               
  stream_socket_client(): Unable to connect to tcp://rabbitmq:5672 (Connectio  
  n refused)                                                                   
                                                                               


In StreamIO.php line 95:
                                                                               
  stream_socket_client(): Unable to connect to tcp://rabbitmq:5672 (Connectio  
  n refused)                                                                   
                                                                               


In StreamIO.php line 95:
                                                                               
  stream_socket_client(): Unable to connect to tcp://rabbitmq:5672 (Connectio  
  n refused)                                                                   
                                                                               


In StreamIO.php line 95:
                                                                               
  stream_socket_client(): Unable to connect to tcp://rabbitmq:5672 (Connectio  
  n refused)                                                                   
                                                                               


In StreamIO.php line 95:
                                                                               
  stream_socket_client(): Unable to connect to tcp://rabbitmq:5672 (Connectio  
  n refused)                                                                   
                                                                               


In StreamIO.php line 95:
                                                                               
  stream_socket_client(): Unable to connect to tcp://rabbitmq:5672 (Connectio  
  n refused)                                                                   
                                                                               


In StreamIO.php line 95:
                                                                               
  stream_socket_client(): Unable to connect to tcp://rabbitmq:5672 (Connectio  
  n refused)                                                                   
                                                                               

  2025-02-05 11:02:46 App\Jobs\ProcessRawRabbitMQPayload ............. RUNNING
  2025-02-05 11:02:46 App\Jobs\ProcessRawRabbitMQPayload ....... 152.47ms DONE

In StreamIO.php line 95:
                                                                               
  stream_socket_client(): Unable to connect to tcp://rabbitmq:5672 (Connectio  
  n refused)                                                                   
                                                                               


In StreamIO.php line 95:
                                                                               
  stream_socket_client(): Unable to connect to tcp://rabbitmq:5672 (Connectio  
  n refused)                                                                   
                                                                               


In StreamIO.php line 95:
                                                                               
  stream_socket_client(): Unable to connect to tcp://rabbitmq:5672 (Connectio  
  n refused)                                                                   
                                                                               


In StreamIO.php line 95:
                                                                               
  stream_socket_client(): Unable to connect to tcp://rabbitmq:5672 (Connectio  
  n refused)                                                                   
                                                                               


In StreamIO.php line 95:
                                                                               
  stream_socket_client(): Unable to connect to tcp://rabbitmq:5672 (Connectio  
  n refused)                                                                   
                                                                               


In StreamIO.php line 95:
                                                                               
  stream_socket_client(): Unable to connect to tcp://rabbitmq:5672 (Connectio  
  n refused)                                                                   
                                                                               


In StreamIO.php line 95:
                                                                               
  stream_socket_client(): Unable to connect to tcp://rabbitmq:5672 (Connectio  
  n refused)                                                                   
                                                                               


In StreamIO.php line 95:
                                                                               
  stream_socket_client(): Unable to connect to tcp://rabbitmq:5672 (Connectio  
  n refused)                                                                   
                                                                               


In StreamIO.php line 95:
                                                                               
  stream_socket_client(): Unable to connect to tcp://rabbitmq:5672 (Connectio  
  n refused)                                                                   
                                                                               


In StreamIO.php line 95:
                                                                               
  stream_socket_client(): Unable to connect to tcp://rabbitmq:5672 (Connectio  
  n refused)                                                                   
                                                                               


In StreamIO.php line 95:
                                                                               
  stream_socket_client(): Unable to connect to tcp://rabbitmq:5672 (Connectio  
  n refused)                                                                   
                                                                               


In StreamIO.php line 95:
                                                                               
  stream_socket_client(): Unable to connect to tcp://rabbitmq:5672 (Connectio  
  n refused)                                                                   
                                                                               


In StreamIO.php line 95:
                                                                               
  stream_socket_client(): Unable to connect to tcp://rabbitmq:5672 (Connectio  
  n refused)                                                                   
                                                                               


In StreamIO.php line 95:
                                                                               
  stream_socket_client(): Unable to connect to tcp://rabbitmq:5672 (Connectio  
  n refused)                                                                   
                                                                               


In StreamIO.php line 95:
                                                                               
  stream_socket_client(): Unable to connect to tcp://rabbitmq:5672 (Connectio  
  n refused)                                                                   
                                                                               


In StreamIO.php line 95:
                                                                               
  stream_socket_client(): Unable to connect to tcp://rabbitmq:5672 (Connectio  
  n refused)                                                                   
                                                                               


In StreamIO.php line 95:
                                                                               
  stream_socket_client(): Unable to connect to tcp://rabbitmq:5672 (Connectio  
  n refused)                                                                   
                                                                               


In StreamIO.php line 95:
                                                                               
  stream_socket_client(): Unable to connect to tcp://rabbitmq:5672 (Connectio  
  n refused)                                                                   
                                                                               

  2025-02-05 13:49:57 App\Jobs\ProcessRawRabbitMQPayload ............. RUNNING
  2025-02-05 13:49:57 App\Jobs\ProcessRawRabbitMQPayload ........ 64.26ms DONE
  2025-02-05 13:51:48 App\Jobs\ProcessRawRabbitMQPayload ............. RUNNING
  2025-02-05 13:51:48 App\Jobs\ProcessRawRabbitMQPayload ........ 21.42ms DONE
  2025-02-05 14:04:46 App\Jobs\ProcessRawRabbitMQPayload ............. RUNNING
  2025-02-05 14:04:46 App\Jobs\ProcessRawRabbitMQPayload ........ 25.48ms DONE
  2025-02-05 14:10:31 App\Jobs\ProcessRawRabbitMQPayload ............. RUNNING
  2025-02-05 14:10:31 App\Jobs\ProcessRawRabbitMQPayload ........ 30.08ms DONE
  2025-02-05 14:17:25 App\Jobs\ProcessRawRabbitMQPayload ............. RUNNING
  2025-02-05 14:17:25 App\Jobs\ProcessRawRabbitMQPayload ........ 30.09ms DONE
  2025-02-05 14:18:01 App\Jobs\ProcessRawRabbitMQPayload ............. RUNNING
  2025-02-05 14:18:02 App\Jobs\ProcessRawRabbitMQPayload ....... 396.81ms DONE
  2025-02-05 14:32:56 App\Jobs\ProcessRawRabbitMQPayload ............. RUNNING
  2025-02-05 14:32:57 App\Jobs\ProcessRawRabbitMQPayload ....... 657.69ms DONE
  2025-02-05 14:38:00 App\Jobs\ProcessRawRabbitMQPayload ............. RUNNING
  2025-02-05 14:38:00 App\Jobs\ProcessRawRabbitMQPayload ......... 9.88ms DONE
  2025-02-05 14:38:36 App\Jobs\ProcessRawRabbitMQPayload ............. RUNNING
  2025-02-05 14:38:36 App\Jobs\ProcessRawRabbitMQPayload ........ 32.45ms DONE
  2025-02-05 14:42:12 App\Jobs\ProcessRawRabbitMQPayload ............. RUNNING
  2025-02-05 14:42:12 App\Jobs\ProcessRawRabbitMQPayload ........ 33.20ms DONE
  2025-02-05 14:45:48 App\Jobs\ProcessRawRabbitMQPayload ............. RUNNING
  2025-02-05 14:45:48 App\Jobs\ProcessRawRabbitMQPayload ........ 31.63ms DONE
  2025-02-05 14:49:57 App\Jobs\ProcessRawRabbitMQPayload ............. RUNNING
  2025-02-05 14:49:57 App\Jobs\ProcessRawRabbitMQPayload ........ 39.56ms DONE
  2025-02-05 14:56:07 App\Jobs\ProcessRawRabbitMQPayload ............. RUNNING
  2025-02-05 14:56:07 App\Jobs\ProcessRawRabbitMQPayload ........ 26.53ms DONE

In StreamIO.php line 95:
                                                                               
  stream_socket_client(): Unable to connect to tcp://rabbitmq:5672 (Connectio  
  n refused)                                                                   
                                                                               


In StreamIO.php line 95:
                                                                               
  stream_socket_client(): Unable to connect to tcp://rabbitmq:5672 (Connectio  
  n refused)                                                                   
                                                                               


In StreamIO.php line 95:
                                                                               
  stream_socket_client(): Unable to connect to tcp://rabbitmq:5672 (Connectio  
  n refused)                                                                   
                                                                               


In StreamIO.php line 95:
                                                                               
  stream_socket_client(): Unable to connect to tcp://rabbitmq:5672 (Connectio  
  n refused)                                                                   
                                                                               


In StreamIO.php line 95:
                                                                               
  stream_socket_client(): Unable to connect to tcp://rabbitmq:5672 (Connectio  
  n refused)                                                                   
                                                                               


In StreamIO.php line 95:
                                                                               
  stream_socket_client(): Unable to connect to tcp://rabbitmq:5672 (Connectio  
  n refused)                                                                   
                                                                               


In StreamIO.php line 95:
                                                                               
  stream_socket_client(): Unable to connect to tcp://rabbitmq:5672 (Connectio  
  n refused)                                                                   
                                                                               


In StreamIO.php line 95:
                                                                               
  stream_socket_client(): Unable to connect to tcp://rabbitmq:5672 (Connectio  
  n refused)                                                                   
                                                                               


In StreamIO.php line 95:
                                                                               
  stream_socket_client(): Unable to connect to tcp://rabbitmq:5672 (Connectio  
  n refused)                                                                   
                                                                               


In StreamIO.php line 95:
                                                                               
  stream_socket_client(): Unable to connect to tcp://rabbitmq:5672 (Connectio  
  n refused)                                                                   
                                                                               


In StreamIO.php line 95:
                                                                               
  stream_socket_client(): Unable to connect to tcp://rabbitmq:5672 (Connectio  
  n refused)                                                                   
                                                                               


In StreamIO.php line 95:
                                                                               
  stream_socket_client(): Unable to connect to tcp://rabbitmq:5672 (Connectio  
  n refused)                                                                   
                                                                               


In StreamIO.php line 95:
                                                                               
  stream_socket_client(): Unable to connect to tcp://rabbitmq:5672 (Connectio  
  n refused)                                                                   
                                                                               

  2025-02-05 15:30:53 App\Jobs\ProcessRawRabbitMQPayload ............. RUNNING
  2025-02-05 15:30:53 App\Jobs\ProcessRawRabbitMQPayload ........ 75.43ms DONE
  2025-02-05 15:31:53 App\Jobs\ProcessRawRabbitMQPayload ............. RUNNING
  2025-02-05 15:31:53 App\Jobs\ProcessRawRabbitMQPayload ........ 31.25ms DONE
  2025-02-05 15:32:50 App\Jobs\ProcessRawRabbitMQPayload ............. RUNNING
  2025-02-05 15:32:50 App\Jobs\ProcessRawRabbitMQPayload ........ 27.30ms DONE
  2025-02-05 15:35:26 App\Jobs\ProcessRawRabbitMQPayload ............. RUNNING
  2025-02-05 15:35:26 App\Jobs\ProcessRawRabbitMQPayload ........ 33.12ms DONE
  2025-02-05 15:36:29 App\Jobs\ProcessRawRabbitMQPayload ............. RUNNING
  2025-02-05 15:36:35 App\Jobs\ProcessRawRabbitMQPayload ............. 6s DONE
  2025-02-05 15:42:41 App\Jobs\ProcessRawRabbitMQPayload ............. RUNNING
  2025-02-05 15:42:41 App\Jobs\ProcessRawRabbitMQPayload ........ 28.93ms DONE
  2025-02-05 15:43:51 App\Jobs\ProcessRawRabbitMQPayload ............. RUNNING
  2025-02-05 15:43:51 App\Jobs\ProcessRawRabbitMQPayload ........ 33.19ms DONE
  2025-02-05 15:46:33 App\Jobs\ProcessRawRabbitMQPayload ............. RUNNING
  2025-02-05 15:46:33 App\Jobs\ProcessRawRabbitMQPayload ........ 32.72ms DONE
  2025-02-05 15:46:54 App\Jobs\ProcessRawRabbitMQPayload ............. RUNNING
  2025-02-05 15:46:54 App\Jobs\ProcessRawRabbitMQPayload ........ 16.07ms DONE
  2025-02-05 15:47:15 App\Jobs\ProcessRawRabbitMQPayload ............. RUNNING
  2025-02-05 15:47:15 App\Jobs\ProcessRawRabbitMQPayload ........ 32.27ms DONE
  2025-02-05 15:48:21 App\Jobs\ProcessRawRabbitMQPayload ............. RUNNING
  2025-02-05 15:48:27 App\Jobs\ProcessRawRabbitMQPayload ............. 6s DONE
  2025-02-05 15:49:42 App\Jobs\ProcessRawRabbitMQPayload ............. RUNNING
  2025-02-05 15:49:42 App\Jobs\ProcessRawRabbitMQPayload ........ 36.73ms DONE

In StreamIO.php line 95:
                                                                               
  stream_socket_client(): Unable to connect to tcp://rabbitmq:5672 (Connectio  
  n refused)                                                                   
                                                                               


In StreamIO.php line 95:
                                                                               
  stream_socket_client(): Unable to connect to tcp://rabbitmq:5672 (Connectio  
  n refused)                                                                   
                                                                               


In StreamIO.php line 95:
                                                                               
  stream_socket_client(): Unable to connect to tcp://rabbitmq:5672 (Connectio  
  n refused)                                                                   
                                                                               

  2025-02-05 15:51:43 App\Jobs\ProcessRawRabbitMQPayload ............. RUNNING
  2025-02-05 15:51:49 App\Jobs\ProcessRawRabbitMQPayload ............. 5s DONE
  2025-02-05 15:52:55 App\Jobs\ProcessRawRabbitMQPayload ............. RUNNING
  2025-02-05 15:52:55 App\Jobs\ProcessRawRabbitMQPayload ........ 32.60ms DONE
  2025-02-05 15:53:34 App\Jobs\ProcessRawRabbitMQPayload ............. RUNNING
  2025-02-05 15:53:34 App\Jobs\ProcessRawRabbitMQPayload ........ 32.53ms DONE
  2025-02-05 15:57:52 App\Jobs\ProcessRawRabbitMQPayload ............. RUNNING
  2025-02-05 15:57:52 App\Jobs\ProcessRawRabbitMQPayload ........ 31.34ms DONE
  2025-02-05 15:58:55 App\Jobs\ProcessRawRabbitMQPayload ............. RUNNING
  2025-02-05 15:58:55 App\Jobs\ProcessRawRabbitMQPayload ........ 25.11ms DONE
  2025-02-05 16:02:10 App\Jobs\ProcessRawRabbitMQPayload ............. RUNNING
  2025-02-05 16:02:10 App\Jobs\ProcessRawRabbitMQPayload ........ 24.20ms DONE

In StreamIO.php line 95:
                                                                               
  stream_socket_client(): Unable to connect to tcp://rabbitmq:5672 (Connectio  
  n refused)                                                                   
                                                                               


In StreamIO.php line 95:
                                                                               
  stream_socket_client(): Unable to connect to tcp://rabbitmq:5672 (Connectio  
  n refused)                                                                   
                                                                               


In StreamIO.php line 95:
                                                                               
  stream_socket_client(): Unable to connect to tcp://rabbitmq:5672 (Connectio  
  n refused)                                                                   
                                                                               


In StreamIO.php line 95:
                                                                               
  stream_socket_client(): Unable to connect to tcp://rabbitmq:5672 (Connectio  
  n refused)                                                                   
                                                                               


In StreamIO.php line 95:
                                                                               
  stream_socket_client(): Unable to connect to tcp://rabbitmq:5672 (Connectio  
  n refused)                                                                   
                                                                               


In StreamIO.php line 95:
                                                                               
  stream_socket_client(): Unable to connect to tcp://rabbitmq:5672 (Connectio  
  n refused)                                                                   
                                                                               


In StreamIO.php line 95:
                                                                               
  stream_socket_client(): Unable to connect to tcp://rabbitmq:5672 (Connectio  
  n refused)                                                                   
                                                                               


In StreamIO.php line 95:
                                                                               
  stream_socket_client(): Unable to connect to tcp://rabbitmq:5672 (Connectio  
  n refused)                                                                   
                                                                               

  2025-02-05 16:08:00 App\Jobs\ProcessRawRabbitMQPayload ............. RUNNING
  2025-02-05 16:08:00 App\Jobs\ProcessRawRabbitMQPayload ........ 67.04ms DONE
  2025-02-05 16:19:52 App\Jobs\ProcessRawRabbitMQPayload ............. RUNNING
  2025-02-05 16:19:52 App\Jobs\ProcessRawRabbitMQPayload ....... 525.75ms DONE
  2025-02-05 17:27:20 App\Jobs\ProcessRawRabbitMQPayload ............. RUNNING
  2025-02-05 17:27:20 App\Jobs\ProcessRawRabbitMQPayload ........ 23.75ms DONE
  2025-02-05 17:32:39 App\Jobs\ProcessRawRabbitMQPayload ............. RUNNING
  2025-02-05 17:32:39 App\Jobs\ProcessRawRabbitMQPayload ........ 21.60ms DONE
  2025-02-05 17:37:21 App\Jobs\ProcessRawRabbitMQPayload ............. RUNNING
  2025-02-05 17:37:21 App\Jobs\ProcessRawRabbitMQPayload ........ 27.12ms DONE
  2025-02-05 17:39:30 App\Jobs\ProcessRawRabbitMQPayload ............. RUNNING
  2025-02-05 17:39:30 App\Jobs\ProcessRawRabbitMQPayload ........ 26.56ms DONE
  2025-02-05 17:42:03 App\Jobs\ProcessRawRabbitMQPayload ............. RUNNING
  2025-02-05 17:42:03 App\Jobs\ProcessRawRabbitMQPayload ........ 16.43ms DONE
  2025-02-05 17:43:03 App\Jobs\ProcessRawRabbitMQPayload ............. RUNNING
  2025-02-05 17:43:03 App\Jobs\ProcessRawRabbitMQPayload ........ 27.58ms DONE
  2025-02-05 17:46:27 App\Jobs\ProcessRawRabbitMQPayload ............. RUNNING
  2025-02-05 17:46:27 App\Jobs\ProcessRawRabbitMQPayload ........ 12.98ms DONE
  2025-02-05 17:49:03 App\Jobs\ProcessRawRabbitMQPayload ............. RUNNING
  2025-02-05 17:49:04 App\Jobs\ProcessRawRabbitMQPayload ....... 585.28ms DONE
  2025-02-05 17:49:43 App\Jobs\ProcessRawRabbitMQPayload ............. RUNNING
  2025-02-05 17:49:43 App\Jobs\ProcessRawRabbitMQPayload ........ 17.71ms DONE
  2025-02-05 17:53:10 App\Jobs\ProcessRawRabbitMQPayload ............. RUNNING
  2025-02-05 17:53:10 App\Jobs\ProcessRawRabbitMQPayload ........ 24.94ms DONE
  2025-02-05 17:55:43 App\Jobs\ProcessRawRabbitMQPayload ............. RUNNING
  2025-02-05 17:55:43 App\Jobs\ProcessRawRabbitMQPayload ........ 28.30ms DONE
  2025-02-05 17:56:19 App\Jobs\ProcessRawRabbitMQPayload ............. RUNNING
  2025-02-05 17:56:19 App\Jobs\ProcessRawRabbitMQPayload ........ 32.91ms DONE
  2025-02-05 17:56:22 App\Jobs\ProcessRawRabbitMQPayload ............. RUNNING
  2025-02-05 17:56:22 App\Jobs\ProcessRawRabbitMQPayload ........ 51.58ms DONE
  2025-02-05 17:56:28 App\Jobs\ProcessRawRabbitMQPayload ............. RUNNING
  2025-02-05 17:56:28 App\Jobs\ProcessRawRabbitMQPayload ........ 26.74ms DONE
  2025-02-05 17:57:46 App\Jobs\ProcessRawRabbitMQPayload ............. RUNNING
  2025-02-05 17:57:46 App\Jobs\ProcessRawRabbitMQPayload ........ 21.12ms DONE
  2025-02-05 17:57:49 App\Jobs\ProcessRawRabbitMQPayload ............. RUNNING
  2025-02-05 17:57:49 App\Jobs\ProcessRawRabbitMQPayload ........ 49.66ms DONE
  2025-02-05 17:57:55 App\Jobs\ProcessRawRabbitMQPayload ............. RUNNING
  2025-02-05 17:57:55 App\Jobs\ProcessRawRabbitMQPayload ........ 21.05ms DONE
  2025-02-05 17:58:01 App\Jobs\ProcessRawRabbitMQPayload ............. RUNNING
  2025-02-05 17:58:01 App\Jobs\ProcessRawRabbitMQPayload ........ 21.26ms DONE
  2025-02-05 17:58:04 App\Jobs\ProcessRawRabbitMQPayload ............. RUNNING
  2025-02-05 17:58:04 App\Jobs\ProcessRawRabbitMQPayload ........ 12.59ms DONE
  2025-02-05 18:01:58 App\Jobs\ProcessRawRabbitMQPayload ............. RUNNING
  2025-02-05 18:02:05 App\Jobs\ProcessRawRabbitMQPayload ............. 6s DONE
  2025-02-05 18:02:05 App\Jobs\ProcessRawRabbitMQPayload ............. RUNNING
  2025-02-05 18:02:10 App\Jobs\ProcessRawRabbitMQPayload ............. 5s DONE
  2025-02-05 18:02:10 App\Jobs\ProcessRawRabbitMQPayload ............. RUNNING
  2025-02-05 18:02:16 App\Jobs\ProcessRawRabbitMQPayload ............. 5s DONE
  2025-02-05 18:09:13 App\Jobs\ProcessRawRabbitMQPayload ............. RUNNING
  2025-02-05 18:09:13 App\Jobs\ProcessRawRabbitMQPayload ........ 21.82ms DONE
  2025-02-05 18:09:19 App\Jobs\ProcessRawRabbitMQPayload ............. RUNNING
  2025-02-05 18:09:19 App\Jobs\ProcessRawRabbitMQPayload ........ 26.18ms DONE
  2025-02-05 18:09:22 App\Jobs\ProcessRawRabbitMQPayload ............. RUNNING
  2025-02-05 18:09:22 App\Jobs\ProcessRawRabbitMQPayload ........ 20.76ms DONE
  2025-02-05 18:09:28 App\Jobs\ProcessRawRabbitMQPayload ............. RUNNING
  2025-02-05 18:09:28 App\Jobs\ProcessRawRabbitMQPayload ........ 31.81ms DONE
  2025-02-05 18:09:34 App\Jobs\ProcessRawRabbitMQPayload ............. RUNNING
  2025-02-05 18:09:34 App\Jobs\ProcessRawRabbitMQPayload ........ 26.18ms DONE
  2025-02-05 18:09:37 App\Jobs\ProcessRawRabbitMQPayload ............. RUNNING
  2025-02-05 18:09:43 App\Jobs\ProcessRawRabbitMQPayload ............. 5s DONE
  2025-02-05 18:12:28 App\Jobs\ProcessRawRabbitMQPayload ............. RUNNING
  2025-02-05 18:12:28 App\Jobs\ProcessRawRabbitMQPayload ........ 31.42ms DONE
  2025-02-05 18:12:34 App\Jobs\ProcessRawRabbitMQPayload ............. RUNNING
  2025-02-05 18:12:34 App\Jobs\ProcessRawRabbitMQPayload ........ 25.66ms DONE
  2025-02-05 18:12:40 App\Jobs\ProcessRawRabbitMQPayload ............. RUNNING
  2025-02-05 18:12:40 App\Jobs\ProcessRawRabbitMQPayload ........ 27.22ms DONE
  2025-02-05 18:13:22 App\Jobs\ProcessRawRabbitMQPayload ............. RUNNING
  2025-02-05 18:13:28 App\Jobs\ProcessRawRabbitMQPayload ............. 5s DONE
  2025-02-05 18:13:28 App\Jobs\ProcessRawRabbitMQPayload ............. RUNNING
  2025-02-05 18:13:33 App\Jobs\ProcessRawRabbitMQPayload ............. 5s DONE
  2025-02-05 18:13:33 App\Jobs\ProcessRawRabbitMQPayload ............. RUNNING
  2025-02-05 18:13:39 App\Jobs\ProcessRawRabbitMQPayload ............. 5s DONE
  2025-02-05 18:13:39 App\Jobs\ProcessRawRabbitMQPayload ............. RUNNING
  2025-02-05 18:13:39 App\Jobs\ProcessRawRabbitMQPayload ........ 21.61ms DONE
  2025-02-05 18:17:24 App\Jobs\ProcessRawRabbitMQPayload ............. RUNNING
  2025-02-05 18:17:24 App\Jobs\ProcessRawRabbitMQPayload ........ 25.86ms DONE
  2025-02-05 18:17:27 App\Jobs\ProcessRawRabbitMQPayload ............. RUNNING
  2025-02-05 18:17:27 App\Jobs\ProcessRawRabbitMQPayload ........ 21.23ms DONE
  2025-02-05 18:17:33 App\Jobs\ProcessRawRabbitMQPayload ............. RUNNING
  2025-02-05 18:17:33 App\Jobs\ProcessRawRabbitMQPayload ........ 21.79ms DONE
  2025-02-05 18:17:39 App\Jobs\ProcessRawRabbitMQPayload ............. RUNNING
  2025-02-05 18:17:39 App\Jobs\ProcessRawRabbitMQPayload ........ 29.34ms DONE
  2025-02-05 18:17:42 App\Jobs\ProcessRawRabbitMQPayload ............. RUNNING
  2025-02-05 18:17:42 App\Jobs\ProcessRawRabbitMQPayload ........ 22.21ms DONE
  2025-02-05 18:19:46 App\Jobs\ProcessRawRabbitMQPayload ............. RUNNING
  2025-02-05 18:19:46 App\Jobs\ProcessRawRabbitMQPayload ........ 22.66ms DONE
  2025-02-05 18:19:52 App\Jobs\ProcessRawRabbitMQPayload ............. RUNNING
  2025-02-05 18:19:52 App\Jobs\ProcessRawRabbitMQPayload ........ 23.52ms DONE
  2025-02-05 18:19:55 App\Jobs\ProcessRawRabbitMQPayload ............. RUNNING
  2025-02-05 18:19:55 App\Jobs\ProcessRawRabbitMQPayload ........ 30.89ms DONE
  2025-02-05 18:20:01 App\Jobs\ProcessRawRabbitMQPayload ............. RUNNING
  2025-02-05 18:20:01 App\Jobs\ProcessRawRabbitMQPayload ........ 45.69ms DONE
  2025-02-05 18:20:07 App\Jobs\ProcessRawRabbitMQPayload ............. RUNNING
  2025-02-05 18:20:07 App\Jobs\ProcessRawRabbitMQPayload ........ 21.43ms DONE
  2025-02-05 18:20:10 App\Jobs\ProcessRawRabbitMQPayload ............. RUNNING
  2025-02-05 18:20:15 App\Jobs\ProcessRawRabbitMQPayload ............. 5s DONE
